<?xml version="1.0" encoding="utf-8" standalone="no"?>
<!--This file represents the results of running a test suite-->
<test-results name="c:\tfs\TestAndRelease\FunctionalAutomation\TestWebDriver\bin\Debug\TestWebDriver.dll" total="1" errors="1" failures="0" not-run="0" inconclusive="0" ignored="0" skipped="0" invalid="0" date="2012-10-10" time="16:11:58">
  <environment nunit-version="2.6.0.12051" clr-version="2.0.50727.5456" os-version="Microsoft Windows NT 6.1.7601 Service Pack 1" platform="Win32NT" cwd="c:\tfs\TestAndRelease\FunctionalAutomation\TestWebDriver\bin\Debug" machine-name="UKDTW732" user="skhanam" user-domain="CF" />
  <culture-info current-culture="en-GB" current-uiculture="en-US" />
  <test-suite type="Assembly" name="c:\tfs\TestAndRelease\FunctionalAutomation\TestWebDriver\bin\Debug\TestWebDriver.dll" executed="True" result="Failure" success="False" time="13.554" asserts="0">
    <results>
      <test-suite type="Namespace" name="TestWebDriver" executed="True" result="Failure" success="False" time="13.538" asserts="0">
        <results>
          <test-suite type="Namespace" name="com" executed="True" result="Failure" success="False" time="13.537" asserts="0">
            <results>
              <test-suite type="Namespace" name="cf" executed="True" result="Failure" success="False" time="13.537" asserts="0">
                <results>
                  <test-suite type="Namespace" name="webdriver" executed="True" result="Failure" success="False" time="13.536" asserts="0">
                    <results>
                      <test-suite type="Namespace" name="src" executed="True" result="Failure" success="False" time="13.536" asserts="0">
                        <results>
                          <test-suite type="Namespace" name="RegressionUSTests" executed="True" result="Failure" success="False" time="13.535" asserts="0">
                            <results>
                              <test-suite type="TestFixture" name="USTravellOlTest" executed="True" result="Failure" success="False" time="13.534" asserts="0">
                                <categories>
                                  <category name="Regression" />
                                </categories>
                                <results>
                                  <test-case name="TestWebDriver.com.cf.webdriver.src.RegressionUSTests.USTravellOlTest.TestArticleDisplay" executed="True" result="Error" success="False" time="13.522" asserts="0">
                                    <failure>
                                      <message><![CDATA[OpenQA.Selenium.ElementNotVisibleException : Element is not currently visible and so may not be interacted with]]></message>
                                      <stack-trace><![CDATA[at OpenQA.Selenium.Remote.RemoteWebDriver.UnpackAndThrowOnError(Response errorResponse)
at OpenQA.Selenium.Remote.RemoteWebDriver.Execute(String driverCommandToExecute, Dictionary`2 parameters)
at TestWebDriver.com.cf.webdriver.src.PageObject.TravelKnowHowPage.ClickArticle(Drivercontext context) in c:\tfs\TestAndRelease\FunctionalAutomation\TestWebDriver\com\cf\webdriver\src\PageObject\TravelKnowHowPage.cs:line 125
at TestWebDriver.com.cf.webdriver.src.RegressionUSTests.USTravellOlTest.TestArticleDisplay() in c:\tfs\TestAndRelease\FunctionalAutomation\TestWebDriver\com\cf\webdriver\src\RegressionUSTests\USTravellOlTest.cs:line 145
]]></stack-trace>
                                    </failure>
                                  </test-case>
                                </results>
                              </test-suite>
                            </results>
                          </test-suite>
                        </results>
                      </test-suite>
                    </results>
                  </test-suite>
                </results>
              </test-suite>
            </results>
          </test-suite>
        </results>
      </test-suite>
    </results>
  </test-suite>
</test-results>